<?xml version="1.0" encoding="UTF-8"?>
<!-- Generated by org.testng.reporters.JUnitXMLReporter -->
<testsuite ignored="0" hostname="DESKTOP-FTHOGM6" failures="0" tests="4" name="Test_Chrome" time="20.798" errors="0" timestamp="2023-12-18T21:39:25 IST">
  <testcase classname="testcase.LoginTests" name="Valid_LoginTest" time="5.72"/>
  <testcase classname="testcase.LoginTests" name="Invalid_Username_Test" time="0.494"/>
  <testcase classname="testcase.LoginTests" name="Invalid_Password_Test" time="0.446"/>
  <testcase classname="testcase.LoginTests" name="Invalid_LoginTest" time="0.662"/>
</testsuite> <!-- Test_Chrome -->
