<?xml version="1.0" encoding="UTF-8"?>
<!-- Generated by org.testng.reporters.JUnitXMLReporter -->
<testsuite ignored="0" hostname="DESKTOP-FTHOGM6" failures="0" tests="2" name="Test" time="0.965" errors="0" timestamp="2023-12-14T23:21:18 IST">
  <testcase classname="testcase.BaseTest" name="@BeforeMethod setUp" time="-1.702576278594E9">
    <failure type="org.testng.TestNGException" message="
Parameter &amp;apos;browser&amp;apos; is required by BeforeMethod on method setUp but has not been marked @Optional or defined
in C:\Users\USER\eclipse-workspacenew\HRMSProject\testngemployee.xml">
      <![CDATA[org.testng.TestNGException: 
Parameter 'browser' is required by BeforeMethod on method setUp but has not been marked @Optional or defined
in C:\Users\USER\eclipse-workspacenew\HRMSProject\testngemployee.xml
at java.base/java.util.ArrayList.forEach(ArrayList.java:1511)
... Removed 28 stack frames]]>
    </failure>
  </testcase> <!-- @BeforeMethod setUp -->
  <testcase classname="testcase.EmployeeTest" name="LoginTest" time="0.0">
    <skipped/>
  </testcase> <!-- LoginTest -->
  <testcase classname="testcase.EmployeeTest" name="EmployeeDetails" time="0.0">
    <skipped/>
  </testcase> <!-- EmployeeDetails -->
</testsuite> <!-- Test -->
