<?xml version="1.0" encoding="UTF-8"?>
<!-- Generated by org.testng.reporters.JUnitXMLReporter -->
<testsuite ignored="0" hostname="DESKTOP-FTHOGM6" failures="0" tests="20" name="Test_Chrome" time="274.294" errors="0" timestamp="2023-12-26T12:26:06 IST">
  <testcase classname="testcase.StaffTest" name="tickets_test" time="8.969"/>
  <testcase classname="testcase.TicketsTest" name="tickets_test_incomplete_data" time="7.959"/>
  <testcase classname="testcase.TicketsTest" name="tickets_test" time="6.854"/>
  <testcase classname="testcase.SignoutTest" name="Signout" time="7.504"/>
  <testcase classname="testcase.TrainingTest" name="traning_test_nodata" time="8.985"/>
  <testcase classname="testcase.TrainingTest" name="traning_test" time="8.396"/>
  <testcase classname="testcase.AttendanceTest" name="ValidateAttendanceBasedOnDate" time="8.771"/>
  <testcase classname="testcase.AssetTests" name="ValidateAssetIsAdded" time="33.134"/>
  <testcase classname="testcase.EmployeeTest" name="employee_skipped_employeeId" time="10.121"/>
  <testcase classname="testcase.EmployeeTest" name="employee_skipped_lastname" time="11.395"/>
  <testcase classname="testcase.EmployeeTest" name="employee_blank_details" time="7.197"/>
  <testcase classname="testcase.EmployeeTest" name="EmployeeDetails" time="9.547"/>
  <testcase classname="testcase.FileManagerTest" name="FileUploadTest" time="26.507"/>
  <testcase classname="testcase.LoginTests" name="Valid_LoginTest" time="4.918"/>
  <testcase classname="testcase.LoginTests" name="Invalid_Username_Test" time="0.289"/>
  <testcase classname="testcase.LoginTests" name="Invalid_Password_Test" time="0.472"/>
  <testcase classname="testcase.LoginTests" name="Invalid_LoginTest" time="0.307"/>
  <testcase classname="testcase.OrganisationTests" name="OrganisationTest_missingFeilds" time="9.923"/>
  <testcase classname="testcase.OrganisationTests" name="OrganisationTest_only_name" time="9.594"/>
  <testcase classname="testcase.OrganisationTests" name="OrganisationTest" time="10.751"/>
</testsuite> <!-- Test_Chrome -->
