<?xml version="1.0" encoding="UTF-8"?>
<testng-results ignored="0" total="20" passed="20" failed="0" skipped="0">
  <reporter-output>
  </reporter-output>
  <suite started-at="2023-12-26T22:33:31 IST" name="Suite" finished-at="2023-12-26T22:36:40 IST" duration-ms="189314">
    <groups>
    </groups>
    <test started-at="2023-12-26T22:33:31 IST" name="Test_Chrome" finished-at="2023-12-26T22:36:40 IST" duration-ms="189314">
      <class name="testcase.TicketsTest">
        <test-method is-config="true" signature="setUp(java.lang.String,java.lang.String)[pri:0, instance:testcase.TicketsTest@29526c05]" started-at="2023-12-26T22:33:41 IST" name="setUp" finished-at="2023-12-26T22:33:43 IST" duration-ms="2316" status="PASS">
          <params>
            <param index="0">
              <value>
                <![CDATA[chrome]]>
              </value>
            </param>
            <param index="1">
              <value>
                <![CDATA[https://hrm.qabible.in/hrms/admin]]>
              </value>
            </param>
          </params>
          <reporter-output>
          </reporter-output>
        </test-method> <!-- setUp -->
        <test-method signature="issuingTicketsToStaff()[pri:1, instance:testcase.TicketsTest@29526c05]" started-at="2023-12-26T22:33:43 IST" name="issuingTicketsToStaff" finished-at="2023-12-26T22:33:49 IST" duration-ms="5353" status="PASS">
          <reporter-output>
          </reporter-output>
        </test-method> <!-- issuingTicketsToStaff -->
        <test-method is-config="true" signature="takeScreenshotOnFailure(org.testng.ITestResult)[pri:0, instance:testcase.TicketsTest@29526c05]" started-at="2023-12-26T22:33:49 IST" name="takeScreenshotOnFailure" finished-at="2023-12-26T22:33:49 IST" duration-ms="188" status="PASS">
          <params>
            <param index="0">
              <value>
                <![CDATA[[TestResult name=issuingTicketsToStaff status=SUCCESS method=TicketsTest.issuingTicketsToStaff()[pri:1, instance:testcase.TicketsTest@29526c05] output={null}]]]>
              </value>
            </param>
          </params>
          <reporter-output>
          </reporter-output>
        </test-method> <!-- takeScreenshotOnFailure -->
        <test-method is-config="true" signature="setUp(java.lang.String,java.lang.String)[pri:0, instance:testcase.TicketsTest@29526c05]" started-at="2023-12-26T22:33:49 IST" name="setUp" finished-at="2023-12-26T22:33:51 IST" duration-ms="2441" status="PASS">
          <params>
            <param index="0">
              <value>
                <![CDATA[chrome]]>
              </value>
            </param>
            <param index="1">
              <value>
                <![CDATA[https://hrm.qabible.in/hrms/admin]]>
              </value>
            </param>
          </params>
          <reporter-output>
          </reporter-output>
        </test-method> <!-- setUp -->
        <test-method signature="tickets_test()[pri:2, instance:testcase.TicketsTest@29526c05]" started-at="2023-12-26T22:33:51 IST" name="tickets_test" finished-at="2023-12-26T22:33:57 IST" duration-ms="5493" status="PASS">
          <reporter-output>
          </reporter-output>
        </test-method> <!-- tickets_test -->
        <test-method is-config="true" signature="takeScreenshotOnFailure(org.testng.ITestResult)[pri:0, instance:testcase.TicketsTest@29526c05]" started-at="2023-12-26T22:33:57 IST" name="takeScreenshotOnFailure" finished-at="2023-12-26T22:33:57 IST" duration-ms="181" status="PASS">
          <params>
            <param index="0">
              <value>
                <![CDATA[[TestResult name=tickets_test status=SUCCESS method=TicketsTest.tickets_test()[pri:2, instance:testcase.TicketsTest@29526c05] output={null}]]]>
              </value>
            </param>
          </params>
          <reporter-output>
          </reporter-output>
        </test-method> <!-- takeScreenshotOnFailure -->
      </class> <!-- testcase.TicketsTest -->
      <class name="testcase.FileManagerTest">
        <test-method is-config="true" signature="setUp(java.lang.String,java.lang.String)[pri:0, instance:testcase.FileManagerTest@ab7395e]" started-at="2023-12-26T22:35:34 IST" name="setUp" finished-at="2023-12-26T22:35:36 IST" duration-ms="2184" status="PASS">
          <params>
            <param index="0">
              <value>
                <![CDATA[chrome]]>
              </value>
            </param>
            <param index="1">
              <value>
                <![CDATA[https://hrm.qabible.in/hrms/admin]]>
              </value>
            </param>
          </params>
          <reporter-output>
          </reporter-output>
        </test-method> <!-- setUp -->
        <test-method signature="SavingDataByUploadingFile()[pri:0, instance:testcase.FileManagerTest@ab7395e]" started-at="2023-12-26T22:35:36 IST" name="SavingDataByUploadingFile" finished-at="2023-12-26T22:36:01 IST" duration-ms="25167" status="PASS">
          <reporter-output>
          </reporter-output>
        </test-method> <!-- SavingDataByUploadingFile -->
        <test-method is-config="true" signature="takeScreenshotOnFailure(org.testng.ITestResult)[pri:0, instance:testcase.FileManagerTest@ab7395e]" started-at="2023-12-26T22:36:01 IST" name="takeScreenshotOnFailure" finished-at="2023-12-26T22:36:01 IST" duration-ms="188" status="PASS">
          <params>
            <param index="0">
              <value>
                <![CDATA[[TestResult name=SavingDataByUploadingFile status=SUCCESS method=FileManagerTest.SavingDataByUploadingFile()[pri:0, instance:testcase.FileManagerTest@ab7395e] output={null}]]]>
              </value>
            </param>
          </params>
          <reporter-output>
          </reporter-output>
        </test-method> <!-- takeScreenshotOnFailure -->
      </class> <!-- testcase.FileManagerTest -->
      <class name="testcase.AttendanceTest">
        <test-method is-config="true" signature="setUp(java.lang.String,java.lang.String)[pri:0, instance:testcase.AttendanceTest@45312be2]" started-at="2023-12-26T22:34:21 IST" name="setUp" finished-at="2023-12-26T22:34:23 IST" duration-ms="2336" status="PASS">
          <params>
            <param index="0">
              <value>
                <![CDATA[chrome]]>
              </value>
            </param>
            <param index="1">
              <value>
                <![CDATA[https://hrm.qabible.in/hrms/admin]]>
              </value>
            </param>
          </params>
          <reporter-output>
          </reporter-output>
        </test-method> <!-- setUp -->
        <test-method signature="ValidateAttendanceBasedOnDate()[pri:1, instance:testcase.AttendanceTest@45312be2]" started-at="2023-12-26T22:34:23 IST" name="ValidateAttendanceBasedOnDate" finished-at="2023-12-26T22:34:29 IST" duration-ms="5685" status="PASS">
          <reporter-output>
          </reporter-output>
        </test-method> <!-- ValidateAttendanceBasedOnDate -->
        <test-method is-config="true" signature="takeScreenshotOnFailure(org.testng.ITestResult)[pri:0, instance:testcase.AttendanceTest@45312be2]" started-at="2023-12-26T22:34:29 IST" name="takeScreenshotOnFailure" finished-at="2023-12-26T22:34:29 IST" duration-ms="239" status="PASS">
          <params>
            <param index="0">
              <value>
                <![CDATA[[TestResult name=ValidateAttendanceBasedOnDate status=SUCCESS method=AttendanceTest.ValidateAttendanceBasedOnDate()[pri:1, instance:testcase.AttendanceTest@45312be2] output={null}]]]>
              </value>
            </param>
          </params>
          <reporter-output>
          </reporter-output>
        </test-method> <!-- takeScreenshotOnFailure -->
      </class> <!-- testcase.AttendanceTest -->
      <class name="testcase.AssetTests">
        <test-method is-config="true" signature="setUp(java.lang.String,java.lang.String)[pri:0, instance:testcase.AssetTests@7331196b]" started-at="2023-12-26T22:34:29 IST" name="setUp" finished-at="2023-12-26T22:34:31 IST" duration-ms="1931" status="PASS">
          <params>
            <param index="0">
              <value>
                <![CDATA[chrome]]>
              </value>
            </param>
            <param index="1">
              <value>
                <![CDATA[https://hrm.qabible.in/hrms/admin]]>
              </value>
            </param>
          </params>
          <reporter-output>
          </reporter-output>
        </test-method> <!-- setUp -->
        <test-method signature="ValidateAssetIsNotAdded()[pri:0, instance:testcase.AssetTests@7331196b]" started-at="2023-12-26T22:34:31 IST" name="ValidateAssetIsNotAdded" finished-at="2023-12-26T22:34:58 IST" duration-ms="27056" status="PASS">
          <reporter-output>
          </reporter-output>
        </test-method> <!-- ValidateAssetIsNotAdded -->
        <test-method is-config="true" signature="takeScreenshotOnFailure(org.testng.ITestResult)[pri:0, instance:testcase.AssetTests@7331196b]" started-at="2023-12-26T22:34:58 IST" name="takeScreenshotOnFailure" finished-at="2023-12-26T22:34:58 IST" duration-ms="242" status="PASS">
          <params>
            <param index="0">
              <value>
                <![CDATA[[TestResult name=ValidateAssetIsNotAdded status=SUCCESS method=AssetTests.ValidateAssetIsNotAdded()[pri:0, instance:testcase.AssetTests@7331196b] output={null}]]]>
              </value>
            </param>
          </params>
          <reporter-output>
          </reporter-output>
        </test-method> <!-- takeScreenshotOnFailure -->
      </class> <!-- testcase.AssetTests -->
      <class name="testcase.TrainingTest">
        <test-method is-config="true" signature="setUp(java.lang.String,java.lang.String)[pri:0, instance:testcase.TrainingTest@77102b91]" started-at="2023-12-26T22:34:03 IST" name="setUp" finished-at="2023-12-26T22:34:05 IST" duration-ms="2237" status="PASS">
          <params>
            <param index="0">
              <value>
                <![CDATA[chrome]]>
              </value>
            </param>
            <param index="1">
              <value>
                <![CDATA[https://hrm.qabible.in/hrms/admin]]>
              </value>
            </param>
          </params>
          <reporter-output>
          </reporter-output>
        </test-method> <!-- setUp -->
        <test-method signature="savingTheTrainingTypeWithoutPassingAnyDataInTheFeilds()[pri:1, instance:testcase.TrainingTest@77102b91]" started-at="2023-12-26T22:34:05 IST" name="savingTheTrainingTypeWithoutPassingAnyDataInTheFeilds" finished-at="2023-12-26T22:34:11 IST" duration-ms="5451" status="PASS">
          <reporter-output>
          </reporter-output>
        </test-method> <!-- savingTheTrainingTypeWithoutPassingAnyDataInTheFeilds -->
        <test-method is-config="true" signature="takeScreenshotOnFailure(org.testng.ITestResult)[pri:0, instance:testcase.TrainingTest@77102b91]" started-at="2023-12-26T22:34:11 IST" name="takeScreenshotOnFailure" finished-at="2023-12-26T22:34:11 IST" duration-ms="275" status="PASS">
          <params>
            <param index="0">
              <value>
                <![CDATA[[TestResult name=savingTheTrainingTypeWithoutPassingAnyDataInTheFeilds status=SUCCESS method=TrainingTest.savingTheTrainingTypeWithoutPassingAnyDataInTheFeilds()[pri:1, instance:testcase.TrainingTest@77102b91] output={null}]]]>
              </value>
            </param>
          </params>
          <reporter-output>
          </reporter-output>
        </test-method> <!-- takeScreenshotOnFailure -->
        <test-method is-config="true" signature="setUp(java.lang.String,java.lang.String)[pri:0, instance:testcase.TrainingTest@77102b91]" started-at="2023-12-26T22:34:11 IST" name="setUp" finished-at="2023-12-26T22:34:16 IST" duration-ms="4770" status="PASS">
          <params>
            <param index="0">
              <value>
                <![CDATA[chrome]]>
              </value>
            </param>
            <param index="1">
              <value>
                <![CDATA[https://hrm.qabible.in/hrms/admin]]>
              </value>
            </param>
          </params>
          <reporter-output>
          </reporter-output>
        </test-method> <!-- setUp -->
        <test-method signature="savingTrainingTestDtailsByPassingAllTheDatas()[pri:2, instance:testcase.TrainingTest@77102b91]" started-at="2023-12-26T22:34:16 IST" name="savingTrainingTestDtailsByPassingAllTheDatas" finished-at="2023-12-26T22:34:21 IST" duration-ms="5111" status="PASS">
          <reporter-output>
          </reporter-output>
        </test-method> <!-- savingTrainingTestDtailsByPassingAllTheDatas -->
        <test-method is-config="true" signature="takeScreenshotOnFailure(org.testng.ITestResult)[pri:0, instance:testcase.TrainingTest@77102b91]" started-at="2023-12-26T22:34:21 IST" name="takeScreenshotOnFailure" finished-at="2023-12-26T22:34:21 IST" duration-ms="180" status="PASS">
          <params>
            <param index="0">
              <value>
                <![CDATA[[TestResult name=savingTrainingTestDtailsByPassingAllTheDatas status=SUCCESS method=TrainingTest.savingTrainingTestDtailsByPassingAllTheDatas()[pri:2, instance:testcase.TrainingTest@77102b91] output={null}]]]>
              </value>
            </param>
          </params>
          <reporter-output>
          </reporter-output>
        </test-method> <!-- takeScreenshotOnFailure -->
      </class> <!-- testcase.TrainingTest -->
      <class name="testcase.StaffTest">
        <test-method is-config="true" signature="setUp(java.lang.String,java.lang.String)[pri:0, instance:testcase.StaffTest@1c93f6e1]" started-at="2023-12-26T22:33:31 IST" name="setUp" finished-at="2023-12-26T22:33:34 IST" duration-ms="3744" status="PASS">
          <params>
            <param index="0">
              <value>
                <![CDATA[chrome]]>
              </value>
            </param>
            <param index="1">
              <value>
                <![CDATA[https://hrm.qabible.in/hrms/admin]]>
              </value>
            </param>
          </params>
          <reporter-output>
          </reporter-output>
        </test-method> <!-- setUp -->
        <test-method signature="savingRolesAndPrivilagesOfStaff()[pri:1, instance:testcase.StaffTest@1c93f6e1]" started-at="2023-12-26T22:33:34 IST" name="savingRolesAndPrivilagesOfStaff" finished-at="2023-12-26T22:33:41 IST" duration-ms="6431" status="PASS">
          <reporter-output>
          </reporter-output>
        </test-method> <!-- savingRolesAndPrivilagesOfStaff -->
        <test-method is-config="true" signature="takeScreenshotOnFailure(org.testng.ITestResult)[pri:0, instance:testcase.StaffTest@1c93f6e1]" started-at="2023-12-26T22:33:41 IST" name="takeScreenshotOnFailure" finished-at="2023-12-26T22:33:41 IST" duration-ms="211" status="PASS">
          <params>
            <param index="0">
              <value>
                <![CDATA[[TestResult name=savingRolesAndPrivilagesOfStaff status=SUCCESS method=StaffTest.savingRolesAndPrivilagesOfStaff()[pri:1, instance:testcase.StaffTest@1c93f6e1] output={null}]]]>
              </value>
            </param>
          </params>
          <reporter-output>
          </reporter-output>
        </test-method> <!-- takeScreenshotOnFailure -->
      </class> <!-- testcase.StaffTest -->
      <class name="testcase.SignoutTest">
        <test-method is-config="true" signature="setUp(java.lang.String,java.lang.String)[pri:0, instance:testcase.SignoutTest@2ef14fe]" started-at="2023-12-26T22:33:57 IST" name="setUp" finished-at="2023-12-26T22:33:59 IST" duration-ms="1990" status="PASS">
          <params>
            <param index="0">
              <value>
                <![CDATA[chrome]]>
              </value>
            </param>
            <param index="1">
              <value>
                <![CDATA[https://hrm.qabible.in/hrms/admin]]>
              </value>
            </param>
          </params>
          <reporter-output>
          </reporter-output>
        </test-method> <!-- setUp -->
        <test-method signature="Signout()[pri:0, instance:testcase.SignoutTest@2ef14fe]" started-at="2023-12-26T22:33:59 IST" name="Signout" finished-at="2023-12-26T22:34:03 IST" duration-ms="3617" status="PASS">
          <reporter-output>
          </reporter-output>
        </test-method> <!-- Signout -->
        <test-method is-config="true" signature="takeScreenshotOnFailure(org.testng.ITestResult)[pri:0, instance:testcase.SignoutTest@2ef14fe]" started-at="2023-12-26T22:34:03 IST" name="takeScreenshotOnFailure" finished-at="2023-12-26T22:34:03 IST" duration-ms="249" status="PASS">
          <params>
            <param index="0">
              <value>
                <![CDATA[[TestResult name=Signout status=SUCCESS method=SignoutTest.Signout()[pri:0, instance:testcase.SignoutTest@2ef14fe] output={null}]]]>
              </value>
            </param>
          </params>
          <reporter-output>
          </reporter-output>
        </test-method> <!-- takeScreenshotOnFailure -->
      </class> <!-- testcase.SignoutTest -->
      <class name="testcase.LoginTests">
        <test-method is-config="true" signature="setUp(java.lang.String,java.lang.String)[pri:0, instance:testcase.LoginTests@50d13246]" started-at="2023-12-26T22:36:01 IST" name="setUp" finished-at="2023-12-26T22:36:04 IST" duration-ms="2580" status="PASS">
          <params>
            <param index="0">
              <value>
                <![CDATA[chrome]]>
              </value>
            </param>
            <param index="1">
              <value>
                <![CDATA[https://hrm.qabible.in/hrms/admin]]>
              </value>
            </param>
          </params>
          <reporter-output>
          </reporter-output>
        </test-method> <!-- setUp -->
        <test-method signature="Valid_LoginTest()[pri:1, instance:testcase.LoginTests@50d13246]" started-at="2023-12-26T22:36:04 IST" name="Valid_LoginTest" finished-at="2023-12-26T22:36:09 IST" duration-ms="5430" status="PASS">
          <reporter-output>
          </reporter-output>
        </test-method> <!-- Valid_LoginTest -->
        <test-method is-config="true" signature="takeScreenshotOnFailure(org.testng.ITestResult)[pri:0, instance:testcase.LoginTests@50d13246]" started-at="2023-12-26T22:36:09 IST" name="takeScreenshotOnFailure" finished-at="2023-12-26T22:36:10 IST" duration-ms="167" status="PASS">
          <params>
            <param index="0">
              <value>
                <![CDATA[[TestResult name=Valid_LoginTest status=SUCCESS method=LoginTests.Valid_LoginTest()[pri:1, instance:testcase.LoginTests@50d13246] output={null}]]]>
              </value>
            </param>
          </params>
          <reporter-output>
          </reporter-output>
        </test-method> <!-- takeScreenshotOnFailure -->
        <test-method is-config="true" signature="setUp(java.lang.String,java.lang.String)[pri:0, instance:testcase.LoginTests@50d13246]" started-at="2023-12-26T22:36:10 IST" name="setUp" finished-at="2023-12-26T22:36:12 IST" duration-ms="2588" status="PASS">
          <params>
            <param index="0">
              <value>
                <![CDATA[chrome]]>
              </value>
            </param>
            <param index="1">
              <value>
                <![CDATA[https://hrm.qabible.in/hrms/admin]]>
              </value>
            </param>
          </params>
          <reporter-output>
          </reporter-output>
        </test-method> <!-- setUp -->
        <test-method signature="Invalid_Username_Test()[pri:2, instance:testcase.LoginTests@50d13246]" started-at="2023-12-26T22:36:12 IST" name="Invalid_Username_Test" finished-at="2023-12-26T22:36:13 IST" duration-ms="333" status="PASS">
          <reporter-output>
          </reporter-output>
        </test-method> <!-- Invalid_Username_Test -->
        <test-method is-config="true" signature="takeScreenshotOnFailure(org.testng.ITestResult)[pri:0, instance:testcase.LoginTests@50d13246]" started-at="2023-12-26T22:36:13 IST" name="takeScreenshotOnFailure" finished-at="2023-12-26T22:36:13 IST" duration-ms="164" status="PASS">
          <params>
            <param index="0">
              <value>
                <![CDATA[[TestResult name=Invalid_Username_Test status=SUCCESS method=LoginTests.Invalid_Username_Test()[pri:2, instance:testcase.LoginTests@50d13246] output={null}]]]>
              </value>
            </param>
          </params>
          <reporter-output>
          </reporter-output>
        </test-method> <!-- takeScreenshotOnFailure -->
        <test-method is-config="true" signature="setUp(java.lang.String,java.lang.String)[pri:0, instance:testcase.LoginTests@50d13246]" started-at="2023-12-26T22:36:13 IST" name="setUp" finished-at="2023-12-26T22:36:15 IST" duration-ms="2301" status="PASS">
          <params>
            <param index="0">
              <value>
                <![CDATA[chrome]]>
              </value>
            </param>
            <param index="1">
              <value>
                <![CDATA[https://hrm.qabible.in/hrms/admin]]>
              </value>
            </param>
          </params>
          <reporter-output>
          </reporter-output>
        </test-method> <!-- setUp -->
        <test-method signature="Invalid_Password_Test()[pri:3, instance:testcase.LoginTests@50d13246]" started-at="2023-12-26T22:36:15 IST" name="Invalid_Password_Test" finished-at="2023-12-26T22:36:15 IST" duration-ms="435" status="PASS">
          <reporter-output>
          </reporter-output>
        </test-method> <!-- Invalid_Password_Test -->
        <test-method is-config="true" signature="takeScreenshotOnFailure(org.testng.ITestResult)[pri:0, instance:testcase.LoginTests@50d13246]" started-at="2023-12-26T22:36:15 IST" name="takeScreenshotOnFailure" finished-at="2023-12-26T22:36:16 IST" duration-ms="210" status="PASS">
          <params>
            <param index="0">
              <value>
                <![CDATA[[TestResult name=Invalid_Password_Test status=SUCCESS method=LoginTests.Invalid_Password_Test()[pri:3, instance:testcase.LoginTests@50d13246] output={null}]]]>
              </value>
            </param>
          </params>
          <reporter-output>
          </reporter-output>
        </test-method> <!-- takeScreenshotOnFailure -->
        <test-method is-config="true" signature="setUp(java.lang.String,java.lang.String)[pri:0, instance:testcase.LoginTests@50d13246]" started-at="2023-12-26T22:36:16 IST" name="setUp" finished-at="2023-12-26T22:36:18 IST" duration-ms="2210" status="PASS">
          <params>
            <param index="0">
              <value>
                <![CDATA[chrome]]>
              </value>
            </param>
            <param index="1">
              <value>
                <![CDATA[https://hrm.qabible.in/hrms/admin]]>
              </value>
            </param>
          </params>
          <reporter-output>
          </reporter-output>
        </test-method> <!-- setUp -->
        <test-method signature="Invalid_LoginTest()[pri:4, instance:testcase.LoginTests@50d13246]" started-at="2023-12-26T22:36:18 IST" name="Invalid_LoginTest" finished-at="2023-12-26T22:36:18 IST" duration-ms="311" status="PASS">
          <reporter-output>
          </reporter-output>
        </test-method> <!-- Invalid_LoginTest -->
        <test-method is-config="true" signature="takeScreenshotOnFailure(org.testng.ITestResult)[pri:0, instance:testcase.LoginTests@50d13246]" started-at="2023-12-26T22:36:18 IST" name="takeScreenshotOnFailure" finished-at="2023-12-26T22:36:18 IST" duration-ms="155" status="PASS">
          <params>
            <param index="0">
              <value>
                <![CDATA[[TestResult name=Invalid_LoginTest status=SUCCESS method=LoginTests.Invalid_LoginTest()[pri:4, instance:testcase.LoginTests@50d13246] output={null}]]]>
              </value>
            </param>
          </params>
          <reporter-output>
          </reporter-output>
        </test-method> <!-- takeScreenshotOnFailure -->
      </class> <!-- testcase.LoginTests -->
      <class name="testcase.EmployeeTest">
        <test-method is-config="true" signature="setUp(java.lang.String,java.lang.String)[pri:0, instance:testcase.EmployeeTest@3f9342d4]" started-at="2023-12-26T22:34:58 IST" name="setUp" finished-at="2023-12-26T22:35:00 IST" duration-ms="1897" status="PASS">
          <params>
            <param index="0">
              <value>
                <![CDATA[chrome]]>
              </value>
            </param>
            <param index="1">
              <value>
                <![CDATA[https://hrm.qabible.in/hrms/admin]]>
              </value>
            </param>
          </params>
          <reporter-output>
          </reporter-output>
        </test-method> <!-- setUp -->
        <test-method signature="verifyEmployeeDetailsByPassingFirstTwoDatas()[pri:1, instance:testcase.EmployeeTest@3f9342d4]" started-at="2023-12-26T22:35:00 IST" name="verifyEmployeeDetailsByPassingFirstTwoDatas" finished-at="2023-12-26T22:35:04 IST" duration-ms="4109" status="PASS">
          <reporter-output>
          </reporter-output>
        </test-method> <!-- verifyEmployeeDetailsByPassingFirstTwoDatas -->
        <test-method is-config="true" signature="takeScreenshotOnFailure(org.testng.ITestResult)[pri:0, instance:testcase.EmployeeTest@3f9342d4]" started-at="2023-12-26T22:35:04 IST" name="takeScreenshotOnFailure" finished-at="2023-12-26T22:35:05 IST" duration-ms="216" status="PASS">
          <params>
            <param index="0">
              <value>
                <![CDATA[[TestResult name=verifyEmployeeDetailsByPassingFirstTwoDatas status=SUCCESS method=EmployeeTest.verifyEmployeeDetailsByPassingFirstTwoDatas()[pri:1, instance:testcase.EmployeeTest@3f9342d4] output={null}]]]>
              </value>
            </param>
          </params>
          <reporter-output>
          </reporter-output>
        </test-method> <!-- takeScreenshotOnFailure -->
        <test-method is-config="true" signature="setUp(java.lang.String,java.lang.String)[pri:0, instance:testcase.EmployeeTest@3f9342d4]" started-at="2023-12-26T22:35:05 IST" name="setUp" finished-at="2023-12-26T22:35:07 IST" duration-ms="2382" status="PASS">
          <params>
            <param index="0">
              <value>
                <![CDATA[chrome]]>
              </value>
            </param>
            <param index="1">
              <value>
                <![CDATA[https://hrm.qabible.in/hrms/admin]]>
              </value>
            </param>
          </params>
          <reporter-output>
          </reporter-output>
        </test-method> <!-- setUp -->
        <test-method signature="verifyEmployeeDetailsByPAssingOnlyTheFirstName()[pri:2, instance:testcase.EmployeeTest@3f9342d4]" started-at="2023-12-26T22:35:07 IST" name="verifyEmployeeDetailsByPAssingOnlyTheFirstName" finished-at="2023-12-26T22:35:13 IST" duration-ms="6206" status="PASS">
          <reporter-output>
          </reporter-output>
        </test-method> <!-- verifyEmployeeDetailsByPAssingOnlyTheFirstName -->
        <test-method is-config="true" signature="takeScreenshotOnFailure(org.testng.ITestResult)[pri:0, instance:testcase.EmployeeTest@3f9342d4]" started-at="2023-12-26T22:35:13 IST" name="takeScreenshotOnFailure" finished-at="2023-12-26T22:35:13 IST" duration-ms="242" status="PASS">
          <params>
            <param index="0">
              <value>
                <![CDATA[[TestResult name=verifyEmployeeDetailsByPAssingOnlyTheFirstName status=SUCCESS method=EmployeeTest.verifyEmployeeDetailsByPAssingOnlyTheFirstName()[pri:2, instance:testcase.EmployeeTest@3f9342d4] output={null}]]]>
              </value>
            </param>
          </params>
          <reporter-output>
          </reporter-output>
        </test-method> <!-- takeScreenshotOnFailure -->
        <test-method is-config="true" signature="setUp(java.lang.String,java.lang.String)[pri:0, instance:testcase.EmployeeTest@3f9342d4]" started-at="2023-12-26T22:35:13 IST" name="setUp" finished-at="2023-12-26T22:35:17 IST" duration-ms="3247" status="PASS">
          <params>
            <param index="0">
              <value>
                <![CDATA[chrome]]>
              </value>
            </param>
            <param index="1">
              <value>
                <![CDATA[https://hrm.qabible.in/hrms/admin]]>
              </value>
            </param>
          </params>
          <reporter-output>
          </reporter-output>
        </test-method> <!-- setUp -->
        <test-method signature="verifyEmployeeDetailsWithoutPassingAnyData()[pri:3, instance:testcase.EmployeeTest@3f9342d4]" started-at="2023-12-26T22:35:17 IST" name="verifyEmployeeDetailsWithoutPassingAnyData" finished-at="2023-12-26T22:35:22 IST" duration-ms="5301" status="PASS">
          <reporter-output>
          </reporter-output>
        </test-method> <!-- verifyEmployeeDetailsWithoutPassingAnyData -->
        <test-method is-config="true" signature="takeScreenshotOnFailure(org.testng.ITestResult)[pri:0, instance:testcase.EmployeeTest@3f9342d4]" started-at="2023-12-26T22:35:22 IST" name="takeScreenshotOnFailure" finished-at="2023-12-26T22:35:22 IST" duration-ms="209" status="PASS">
          <params>
            <param index="0">
              <value>
                <![CDATA[[TestResult name=verifyEmployeeDetailsWithoutPassingAnyData status=SUCCESS method=EmployeeTest.verifyEmployeeDetailsWithoutPassingAnyData()[pri:3, instance:testcase.EmployeeTest@3f9342d4] output={null}]]]>
              </value>
            </param>
          </params>
          <reporter-output>
          </reporter-output>
        </test-method> <!-- takeScreenshotOnFailure -->
        <test-method is-config="true" signature="setUp(java.lang.String,java.lang.String)[pri:0, instance:testcase.EmployeeTest@3f9342d4]" started-at="2023-12-26T22:35:22 IST" name="setUp" finished-at="2023-12-26T22:35:25 IST" duration-ms="2632" status="PASS">
          <params>
            <param index="0">
              <value>
                <![CDATA[chrome]]>
              </value>
            </param>
            <param index="1">
              <value>
                <![CDATA[https://hrm.qabible.in/hrms/admin]]>
              </value>
            </param>
          </params>
          <reporter-output>
          </reporter-output>
        </test-method> <!-- setUp -->
        <test-method signature="veriftEmployeeDetailsByPassingAllTheDatas()[pri:4, instance:testcase.EmployeeTest@3f9342d4]" started-at="2023-12-26T22:35:25 IST" name="veriftEmployeeDetailsByPassingAllTheDatas" finished-at="2023-12-26T22:35:34 IST" duration-ms="8906" status="PASS">
          <reporter-output>
          </reporter-output>
        </test-method> <!-- veriftEmployeeDetailsByPassingAllTheDatas -->
        <test-method is-config="true" signature="takeScreenshotOnFailure(org.testng.ITestResult)[pri:0, instance:testcase.EmployeeTest@3f9342d4]" started-at="2023-12-26T22:35:34 IST" name="takeScreenshotOnFailure" finished-at="2023-12-26T22:35:34 IST" duration-ms="172" status="PASS">
          <params>
            <param index="0">
              <value>
                <![CDATA[[TestResult name=veriftEmployeeDetailsByPassingAllTheDatas status=SUCCESS method=EmployeeTest.veriftEmployeeDetailsByPassingAllTheDatas()[pri:4, instance:testcase.EmployeeTest@3f9342d4] output={null}]]]>
              </value>
            </param>
          </params>
          <reporter-output>
          </reporter-output>
        </test-method> <!-- takeScreenshotOnFailure -->
      </class> <!-- testcase.EmployeeTest -->
      <class name="testcase.OrganisationTests">
        <test-method is-config="true" signature="setUp(java.lang.String,java.lang.String)[pri:0, instance:testcase.OrganisationTests@e70f13a]" started-at="2023-12-26T22:36:18 IST" name="setUp" finished-at="2023-12-26T22:36:21 IST" duration-ms="2292" status="PASS">
          <params>
            <param index="0">
              <value>
                <![CDATA[chrome]]>
              </value>
            </param>
            <param index="1">
              <value>
                <![CDATA[https://hrm.qabible.in/hrms/admin]]>
              </value>
            </param>
          </params>
          <reporter-output>
          </reporter-output>
        </test-method> <!-- setUp -->
        <test-method signature="savingOrganisationTestWithoutPassingAnuData()[pri:1, instance:testcase.OrganisationTests@e70f13a]" started-at="2023-12-26T22:36:21 IST" name="savingOrganisationTestWithoutPassingAnuData" finished-at="2023-12-26T22:36:25 IST" duration-ms="3985" status="PASS">
          <reporter-output>
          </reporter-output>
        </test-method> <!-- savingOrganisationTestWithoutPassingAnuData -->
        <test-method is-config="true" signature="takeScreenshotOnFailure(org.testng.ITestResult)[pri:0, instance:testcase.OrganisationTests@e70f13a]" started-at="2023-12-26T22:36:25 IST" name="takeScreenshotOnFailure" finished-at="2023-12-26T22:36:25 IST" duration-ms="191" status="PASS">
          <params>
            <param index="0">
              <value>
                <![CDATA[[TestResult name=savingOrganisationTestWithoutPassingAnuData status=SUCCESS method=OrganisationTests.savingOrganisationTestWithoutPassingAnuData()[pri:1, instance:testcase.OrganisationTests@e70f13a] output={null}]]]>
              </value>
            </param>
          </params>
          <reporter-output>
          </reporter-output>
        </test-method> <!-- takeScreenshotOnFailure -->
        <test-method is-config="true" signature="setUp(java.lang.String,java.lang.String)[pri:0, instance:testcase.OrganisationTests@e70f13a]" started-at="2023-12-26T22:36:25 IST" name="setUp" finished-at="2023-12-26T22:36:27 IST" duration-ms="2467" status="PASS">
          <params>
            <param index="0">
              <value>
                <![CDATA[chrome]]>
              </value>
            </param>
            <param index="1">
              <value>
                <![CDATA[https://hrm.qabible.in/hrms/admin]]>
              </value>
            </param>
          </params>
          <reporter-output>
          </reporter-output>
        </test-method> <!-- setUp -->
        <test-method signature="savingOrganisationTestByPassingOnlyNameData()[pri:2, instance:testcase.OrganisationTests@e70f13a]" started-at="2023-12-26T22:36:27 IST" name="savingOrganisationTestByPassingOnlyNameData" finished-at="2023-12-26T22:36:33 IST" duration-ms="5202" status="PASS">
          <reporter-output>
          </reporter-output>
        </test-method> <!-- savingOrganisationTestByPassingOnlyNameData -->
        <test-method is-config="true" signature="takeScreenshotOnFailure(org.testng.ITestResult)[pri:0, instance:testcase.OrganisationTests@e70f13a]" started-at="2023-12-26T22:36:33 IST" name="takeScreenshotOnFailure" finished-at="2023-12-26T22:36:33 IST" duration-ms="178" status="PASS">
          <params>
            <param index="0">
              <value>
                <![CDATA[[TestResult name=savingOrganisationTestByPassingOnlyNameData status=SUCCESS method=OrganisationTests.savingOrganisationTestByPassingOnlyNameData()[pri:2, instance:testcase.OrganisationTests@e70f13a] output={null}]]]>
              </value>
            </param>
          </params>
          <reporter-output>
          </reporter-output>
        </test-method> <!-- takeScreenshotOnFailure -->
        <test-method is-config="true" signature="setUp(java.lang.String,java.lang.String)[pri:0, instance:testcase.OrganisationTests@e70f13a]" started-at="2023-12-26T22:36:33 IST" name="setUp" finished-at="2023-12-26T22:36:35 IST" duration-ms="1982" status="PASS">
          <params>
            <param index="0">
              <value>
                <![CDATA[chrome]]>
              </value>
            </param>
            <param index="1">
              <value>
                <![CDATA[https://hrm.qabible.in/hrms/admin]]>
              </value>
            </param>
          </params>
          <reporter-output>
          </reporter-output>
        </test-method> <!-- setUp -->
        <test-method signature="savingOrganisationTestByPassingAllTheDatas()[pri:3, instance:testcase.OrganisationTests@e70f13a]" started-at="2023-12-26T22:36:35 IST" name="savingOrganisationTestByPassingAllTheDatas" finished-at="2023-12-26T22:36:40 IST" duration-ms="5057" status="PASS">
          <reporter-output>
          </reporter-output>
        </test-method> <!-- savingOrganisationTestByPassingAllTheDatas -->
        <test-method is-config="true" signature="takeScreenshotOnFailure(org.testng.ITestResult)[pri:0, instance:testcase.OrganisationTests@e70f13a]" started-at="2023-12-26T22:36:40 IST" name="takeScreenshotOnFailure" finished-at="2023-12-26T22:36:40 IST" duration-ms="164" status="PASS">
          <params>
            <param index="0">
              <value>
                <![CDATA[[TestResult name=savingOrganisationTestByPassingAllTheDatas status=SUCCESS method=OrganisationTests.savingOrganisationTestByPassingAllTheDatas()[pri:3, instance:testcase.OrganisationTests@e70f13a] output={null}]]]>
              </value>
            </param>
          </params>
          <reporter-output>
          </reporter-output>
        </test-method> <!-- takeScreenshotOnFailure -->
      </class> <!-- testcase.OrganisationTests -->
    </test> <!-- Test_Chrome -->
  </suite> <!-- Suite -->
</testng-results>
